<?xml version="1.0" encoding="UTF-8"?>
<testsuite name="Desmotración Automatización" tests="1" skipped="0" failures="0" errors="0" timestamp="2021-03-27T14:45:19" hostname="DESKJIALERO" time="18.586">
  <properties/>
  <testcase name="Registrar usuario" classname="Desmotración Automatización" time="18.586"/>
  <system-out><![CDATA[]]></system-out>
  <system-err><![CDATA[[Test worker] WARN net.thucydides.core.steps.BaseStepListener - stepStarted: net.thucydides.core.steps.ExecutedStepDescription@34b9a20
[Test worker] WARN net.thucydides.core.steps.BaseStepListener - stepStarted: net.thucydides.core.steps.ExecutedStepDescription@117e6360
[Test worker] WARN net.thucydides.core.steps.BaseStepListener - stepStarted: net.thucydides.core.steps.ExecutedStepDescription@3cf17581
mar 27, 2021 9:45:20 AM org.openqa.selenium.remote.DesiredCapabilities chrome
INFORMACIÓN: Using `new ChromeOptions()` is preferred to `DesiredCapabilities.chrome()`
[Test worker] INFO net.serenitybdd.core.webdriver.driverproviders.ProvideNewDriver - Instantiating driver
[Test worker] INFO net.serenitybdd.core.webdriver.driverproviders.ProvideNewDriver - Driver capabilities: Capabilities {acceptInsecureCerts: false, browserName: chrome, chrome.switches: --start-maximized, goog:chromeOptions: {args: [--start-maximized], extensions: []}, loggingPrefs: org.openqa.selenium.logging..., platform: ANY, version: }
Starting ChromeDriver 89.0.4389.23 (61b08ee2c50024bab004e48d2b1b083cdbdac579-refs/branch-heads/4389@{#294}) on port 25633
Only local connections are allowed.
Please see https://chromedriver.chromium.org/security-considerations for suggestions on keeping ChromeDriver safe.
ChromeDriver was started successfully.
mar 27, 2021 9:45:23 AM org.openqa.selenium.remote.ProtocolHandshake createSession
INFORMACIÓN: Detected dialect: W3C
[Test worker] WARN net.thucydides.core.steps.BaseStepListener - stepFinished: current outcome:Registrar usuario:Given que Antonio desea registrarse en el aplicativo de sitio demostracion automatizacion [Antonio abrir aplicativo [Antonio opens the Demostracion automatizacion]]
[Test worker] WARN net.thucydides.core.steps.BaseStepListener - stepFinished: current outcome:Registrar usuario:Given que Antonio desea registrarse en el aplicativo de sitio demostracion automatizacion [Antonio abrir aplicativo [Antonio opens the Demostracion automatizacion]]
[Test worker] WARN net.thucydides.core.steps.BaseStepListener - stepFinished: current outcome:Registrar usuario:Given que Antonio desea registrarse en el aplicativo de sitio demostracion automatizacion [Antonio abrir aplicativo [Antonio opens the Demostracion automatizacion]]
[Test worker] WARN net.thucydides.core.steps.BaseStepListener - stepStarted: net.thucydides.core.steps.ExecutedStepDescription@5e96477e
[Test worker] WARN net.thucydides.core.steps.BaseStepListener - stepStarted: net.thucydides.core.steps.ExecutedStepDescription@6d46bf25
[Test worker] WARN net.thucydides.core.steps.BaseStepListener - stepStarted: net.thucydides.core.steps.ExecutedStepDescription@4aac874d
[Test worker] WARN net.thucydides.core.steps.BaseStepListener - stepFinished: current outcome:Registrar usuario:Given que Antonio desea registrarse en el aplicativo de sitio demostracion automatizacion [Antonio abrir aplicativo [Antonio opens the Demostracion automatizacion]], When diligencia la informacion solicitada despues valida la informacion
| nombre | apellido | direccion | correo | telefono | genero | pais | fNacimiento | contrasenia | confirContrasenia |
| Gamaliel Antonio | Beltran ramos | CRA 3A BIS #47B-06 SUR ESTE | beltranramosgamaliel@gmail.com | 3113604278 | Male | Colombia | 2000-August-15 | B3tr4*823 | B3tr4*823 | [Antonio registrarse [Antonio enters 'Gamaliel Antonio' into Campo para ingresar nombre]]
[Test worker] WARN net.thucydides.core.steps.BaseStepListener - stepStarted: net.thucydides.core.steps.ExecutedStepDescription@618f645e
[Test worker] WARN net.thucydides.core.steps.BaseStepListener - stepFinished: current outcome:Registrar usuario:Given que Antonio desea registrarse en el aplicativo de sitio demostracion automatizacion [Antonio abrir aplicativo [Antonio opens the Demostracion automatizacion]], When diligencia la informacion solicitada despues valida la informacion
| nombre | apellido | direccion | correo | telefono | genero | pais | fNacimiento | contrasenia | confirContrasenia |
| Gamaliel Antonio | Beltran ramos | CRA 3A BIS #47B-06 SUR ESTE | beltranramosgamaliel@gmail.com | 3113604278 | Male | Colombia | 2000-August-15 | B3tr4*823 | B3tr4*823 | [Antonio registrarse [Antonio enters 'Gamaliel Antonio' into Campo para ingresar nombre, Antonio enters 'Beltran ramos' into Campo para ingresar el apellido]]
[Test worker] WARN net.thucydides.core.steps.BaseStepListener - stepStarted: net.thucydides.core.steps.ExecutedStepDescription@4a99f5be
[Test worker] WARN net.thucydides.core.steps.BaseStepListener - stepFinished: current outcome:Registrar usuario:Given que Antonio desea registrarse en el aplicativo de sitio demostracion automatizacion [Antonio abrir aplicativo [Antonio opens the Demostracion automatizacion]], When diligencia la informacion solicitada despues valida la informacion
| nombre | apellido | direccion | correo | telefono | genero | pais | fNacimiento | contrasenia | confirContrasenia |
| Gamaliel Antonio | Beltran ramos | CRA 3A BIS #47B-06 SUR ESTE | beltranramosgamaliel@gmail.com | 3113604278 | Male | Colombia | 2000-August-15 | B3tr4*823 | B3tr4*823 | [Antonio registrarse [Antonio enters 'Gamaliel Antonio' into Campo para ingresar nombre, Antonio enters 'Beltran ramos' into Campo para ingresar el apellido, Antonio enters 'CRA 3A BIS #47B-06 SUR ESTE' into Campo para ingresar la direccion]]
[Test worker] WARN net.thucydides.core.steps.BaseStepListener - stepStarted: net.thucydides.core.steps.ExecutedStepDescription@70dd1c3d
[Test worker] WARN net.thucydides.core.steps.BaseStepListener - stepFinished: current outcome:Registrar usuario:Given que Antonio desea registrarse en el aplicativo de sitio demostracion automatizacion [Antonio abrir aplicativo [Antonio opens the Demostracion automatizacion]], When diligencia la informacion solicitada despues valida la informacion
| nombre | apellido | direccion | correo | telefono | genero | pais | fNacimiento | contrasenia | confirContrasenia |
| Gamaliel Antonio | Beltran ramos | CRA 3A BIS #47B-06 SUR ESTE | beltranramosgamaliel@gmail.com | 3113604278 | Male | Colombia | 2000-August-15 | B3tr4*823 | B3tr4*823 | [Antonio registrarse [Antonio enters 'Gamaliel Antonio' into Campo para ingresar nombre, Antonio enters 'Beltran ramos' into Campo para ingresar el apellido, Antonio enters 'CRA 3A BIS #47B-06 SUR ESTE' into Campo para ingresar la direccion, Antonio enters 'beltranramosgamaliel@gmail.com' into Campo para ingresar el correo electronico]]
[Test worker] WARN net.thucydides.core.steps.BaseStepListener - stepStarted: net.thucydides.core.steps.ExecutedStepDescription@1d5c2670
[Test worker] WARN net.thucydides.core.steps.BaseStepListener - stepFinished: current outcome:Registrar usuario:Given que Antonio desea registrarse en el aplicativo de sitio demostracion automatizacion [Antonio abrir aplicativo [Antonio opens the Demostracion automatizacion]], When diligencia la informacion solicitada despues valida la informacion
| nombre | apellido | direccion | correo | telefono | genero | pais | fNacimiento | contrasenia | confirContrasenia |
| Gamaliel Antonio | Beltran ramos | CRA 3A BIS #47B-06 SUR ESTE | beltranramosgamaliel@gmail.com | 3113604278 | Male | Colombia | 2000-August-15 | B3tr4*823 | B3tr4*823 | [Antonio registrarse [Antonio enters 'Gamaliel Antonio' into Campo para ingresar nombre, Antonio enters 'Beltran ramos' into Campo para ingresar el apellido, Antonio enters 'CRA 3A BIS #47B-06 SUR ESTE' into Campo para ingresar la direccion, Antonio enters 'beltranramosgamaliel@gmail.com' into Campo para ingresar el correo electronico, Antonio enters '3113604278' into Campo para ingresar el telefono]]
[Test worker] WARN net.thucydides.core.steps.BaseStepListener - stepStarted: net.thucydides.core.steps.ExecutedStepDescription@381cd18d
[Test worker] WARN net.thucydides.core.steps.BaseStepListener - stepFinished: current outcome:Registrar usuario:Given que Antonio desea registrarse en el aplicativo de sitio demostracion automatizacion [Antonio abrir aplicativo [Antonio opens the Demostracion automatizacion]], When diligencia la informacion solicitada despues valida la informacion
| nombre | apellido | direccion | correo | telefono | genero | pais | fNacimiento | contrasenia | confirContrasenia |
| Gamaliel Antonio | Beltran ramos | CRA 3A BIS #47B-06 SUR ESTE | beltranramosgamaliel@gmail.com | 3113604278 | Male | Colombia | 2000-August-15 | B3tr4*823 | B3tr4*823 | [Antonio registrarse [Antonio enters 'Gamaliel Antonio' into Campo para ingresar nombre, Antonio enters 'Beltran ramos' into Campo para ingresar el apellido, Antonio enters 'CRA 3A BIS #47B-06 SUR ESTE' into Campo para ingresar la direccion, Antonio enters 'beltranramosgamaliel@gmail.com' into Campo para ingresar el correo electronico, Antonio enters '3113604278' into Campo para ingresar el telefono, Antonio clicks on Seleccionar genero masculino]]
[Test worker] WARN net.thucydides.core.steps.BaseStepListener - stepStarted: net.thucydides.core.steps.ExecutedStepDescription@dc136c2
[Test worker] WARN net.thucydides.core.steps.BaseStepListener - stepFinished: current outcome:Registrar usuario:Given que Antonio desea registrarse en el aplicativo de sitio demostracion automatizacion [Antonio abrir aplicativo [Antonio opens the Demostracion automatizacion]], When diligencia la informacion solicitada despues valida la informacion
| nombre | apellido | direccion | correo | telefono | genero | pais | fNacimiento | contrasenia | confirContrasenia |
| Gamaliel Antonio | Beltran ramos | CRA 3A BIS #47B-06 SUR ESTE | beltranramosgamaliel@gmail.com | 3113604278 | Male | Colombia | 2000-August-15 | B3tr4*823 | B3tr4*823 | [Antonio registrarse [Antonio enters 'Gamaliel Antonio' into Campo para ingresar nombre, Antonio enters 'Beltran ramos' into Campo para ingresar el apellido, Antonio enters 'CRA 3A BIS #47B-06 SUR ESTE' into Campo para ingresar la direccion, Antonio enters 'beltranramosgamaliel@gmail.com' into Campo para ingresar el correo electronico, Antonio enters '3113604278' into Campo para ingresar el telefono, Antonio clicks on Seleccionar genero masculino, Antonio select Colombia on Seleccionar pais]]
[Test worker] WARN net.thucydides.core.steps.BaseStepListener - stepStarted: net.thucydides.core.steps.ExecutedStepDescription@30e7fe69
[Test worker] WARN net.thucydides.core.steps.BaseStepListener - stepFinished: current outcome:Registrar usuario:Given que Antonio desea registrarse en el aplicativo de sitio demostracion automatizacion [Antonio abrir aplicativo [Antonio opens the Demostracion automatizacion]], When diligencia la informacion solicitada despues valida la informacion
| nombre | apellido | direccion | correo | telefono | genero | pais | fNacimiento | contrasenia | confirContrasenia |
| Gamaliel Antonio | Beltran ramos | CRA 3A BIS #47B-06 SUR ESTE | beltranramosgamaliel@gmail.com | 3113604278 | Male | Colombia | 2000-August-15 | B3tr4*823 | B3tr4*823 | [Antonio registrarse [Antonio enters 'Gamaliel Antonio' into Campo para ingresar nombre, Antonio enters 'Beltran ramos' into Campo para ingresar el apellido, Antonio enters 'CRA 3A BIS #47B-06 SUR ESTE' into Campo para ingresar la direccion, Antonio enters 'beltranramosgamaliel@gmail.com' into Campo para ingresar el correo electronico, Antonio enters '3113604278' into Campo para ingresar el telefono, Antonio clicks on Seleccionar genero masculino, Antonio select Colombia on Seleccionar pais, Antonio select 2000 on Seleccioanar aÃ±o de nacimiento]]
[Test worker] WARN net.thucydides.core.steps.BaseStepListener - stepStarted: net.thucydides.core.steps.ExecutedStepDescription@5f9b8e28
[Test worker] WARN net.thucydides.core.steps.BaseStepListener - stepFinished: current outcome:Registrar usuario:Given que Antonio desea registrarse en el aplicativo de sitio demostracion automatizacion [Antonio abrir aplicativo [Antonio opens the Demostracion automatizacion]], When diligencia la informacion solicitada despues valida la informacion
| nombre | apellido | direccion | correo | telefono | genero | pais | fNacimiento | contrasenia | confirContrasenia |
| Gamaliel Antonio | Beltran ramos | CRA 3A BIS #47B-06 SUR ESTE | beltranramosgamaliel@gmail.com | 3113604278 | Male | Colombia | 2000-August-15 | B3tr4*823 | B3tr4*823 | [Antonio registrarse [Antonio enters 'Gamaliel Antonio' into Campo para ingresar nombre, Antonio enters 'Beltran ramos' into Campo para ingresar el apellido, Antonio enters 'CRA 3A BIS #47B-06 SUR ESTE' into Campo para ingresar la direccion, Antonio enters 'beltranramosgamaliel@gmail.com' into Campo para ingresar el correo electronico, Antonio enters '3113604278' into Campo para ingresar el telefono, Antonio clicks on Seleccionar genero masculino, Antonio select Colombia on Seleccionar pais, Antonio select 2000 on Seleccioanar aÃ±o de nacimiento, Antonio select August on Seleccionar mes de nacimiento]]
[Test worker] WARN net.thucydides.core.steps.BaseStepListener - stepStarted: net.thucydides.core.steps.ExecutedStepDescription@5f745b46
[Test worker] WARN net.thucydides.core.steps.BaseStepListener - stepFinished: current outcome:Registrar usuario:Given que Antonio desea registrarse en el aplicativo de sitio demostracion automatizacion [Antonio abrir aplicativo [Antonio opens the Demostracion automatizacion]], When diligencia la informacion solicitada despues valida la informacion
| nombre | apellido | direccion | correo | telefono | genero | pais | fNacimiento | contrasenia | confirContrasenia |
| Gamaliel Antonio | Beltran ramos | CRA 3A BIS #47B-06 SUR ESTE | beltranramosgamaliel@gmail.com | 3113604278 | Male | Colombia | 2000-August-15 | B3tr4*823 | B3tr4*823 | [Antonio registrarse [Antonio enters 'Gamaliel Antonio' into Campo para ingresar nombre, Antonio enters 'Beltran ramos' into Campo para ingresar el apellido, Antonio enters 'CRA 3A BIS #47B-06 SUR ESTE' into Campo para ingresar la direccion, Antonio enters 'beltranramosgamaliel@gmail.com' into Campo para ingresar el correo electronico, Antonio enters '3113604278' into Campo para ingresar el telefono, Antonio clicks on Seleccionar genero masculino, Antonio select Colombia on Seleccionar pais, Antonio select 2000 on Seleccioanar aÃ±o de nacimiento, Antonio select August on Seleccionar mes de nacimiento, Antonio select 15 on Seleccionar dia de nacimiento]]
[Test worker] WARN net.thucydides.core.steps.BaseStepListener - stepStarted: net.thucydides.core.steps.ExecutedStepDescription@73c6e895
[Test worker] WARN net.thucydides.core.steps.BaseStepListener - stepFinished: current outcome:Registrar usuario:Given que Antonio desea registrarse en el aplicativo de sitio demostracion automatizacion [Antonio abrir aplicativo [Antonio opens the Demostracion automatizacion]], When diligencia la informacion solicitada despues valida la informacion
| nombre | apellido | direccion | correo | telefono | genero | pais | fNacimiento | contrasenia | confirContrasenia |
| Gamaliel Antonio | Beltran ramos | CRA 3A BIS #47B-06 SUR ESTE | beltranramosgamaliel@gmail.com | 3113604278 | Male | Colombia | 2000-August-15 | B3tr4*823 | B3tr4*823 | [Antonio registrarse [Antonio enters 'Gamaliel Antonio' into Campo para ingresar nombre, Antonio enters 'Beltran ramos' into Campo para ingresar el apellido, Antonio enters 'CRA 3A BIS #47B-06 SUR ESTE' into Campo para ingresar la direccion, Antonio enters 'beltranramosgamaliel@gmail.com' into Campo para ingresar el correo electronico, Antonio enters '3113604278' into Campo para ingresar el telefono, Antonio clicks on Seleccionar genero masculino, Antonio select Colombia on Seleccionar pais, Antonio select 2000 on Seleccioanar aÃ±o de nacimiento, Antonio select August on Seleccionar mes de nacimiento, Antonio select 15 on Seleccionar dia de nacimiento, Antonio enters 'B3tr4*823' into Campo para ingresar contrasenia]]
[Test worker] WARN net.thucydides.core.steps.BaseStepListener - stepStarted: net.thucydides.core.steps.ExecutedStepDescription@51a91c0a
[Test worker] WARN net.thucydides.core.steps.BaseStepListener - stepFinished: current outcome:Registrar usuario:Given que Antonio desea registrarse en el aplicativo de sitio demostracion automatizacion [Antonio abrir aplicativo [Antonio opens the Demostracion automatizacion]], When diligencia la informacion solicitada despues valida la informacion
| nombre | apellido | direccion | correo | telefono | genero | pais | fNacimiento | contrasenia | confirContrasenia |
| Gamaliel Antonio | Beltran ramos | CRA 3A BIS #47B-06 SUR ESTE | beltranramosgamaliel@gmail.com | 3113604278 | Male | Colombia | 2000-August-15 | B3tr4*823 | B3tr4*823 | [Antonio registrarse [Antonio enters 'Gamaliel Antonio' into Campo para ingresar nombre, Antonio enters 'Beltran ramos' into Campo para ingresar el apellido, Antonio enters 'CRA 3A BIS #47B-06 SUR ESTE' into Campo para ingresar la direccion, Antonio enters 'beltranramosgamaliel@gmail.com' into Campo para ingresar el correo electronico, Antonio enters '3113604278' into Campo para ingresar el telefono, Antonio clicks on Seleccionar genero masculino, Antonio select Colombia on Seleccionar pais, Antonio select 2000 on Seleccioanar aÃ±o de nacimiento, Antonio select August on Seleccionar mes de nacimiento, Antonio select 15 on Seleccionar dia de nacimiento, Antonio enters 'B3tr4*823' into Campo para ingresar contrasenia, Antonio enters 'B3tr4*823' into Campo para confirmar contrasenia]]
[Test worker] WARN net.thucydides.core.steps.BaseStepListener - stepStarted: net.thucydides.core.steps.ExecutedStepDescription@679e29bf
[Test worker] WARN net.thucydides.core.steps.BaseStepListener - stepFinished: current outcome:Registrar usuario:Given que Antonio desea registrarse en el aplicativo de sitio demostracion automatizacion [Antonio abrir aplicativo [Antonio opens the Demostracion automatizacion]], When diligencia la informacion solicitada despues valida la informacion
| nombre | apellido | direccion | correo | telefono | genero | pais | fNacimiento | contrasenia | confirContrasenia |
| Gamaliel Antonio | Beltran ramos | CRA 3A BIS #47B-06 SUR ESTE | beltranramosgamaliel@gmail.com | 3113604278 | Male | Colombia | 2000-August-15 | B3tr4*823 | B3tr4*823 | [Antonio registrarse [Antonio enters 'Gamaliel Antonio' into Campo para ingresar nombre, Antonio enters 'Beltran ramos' into Campo para ingresar el apellido, Antonio enters 'CRA 3A BIS #47B-06 SUR ESTE' into Campo para ingresar la direccion, Antonio enters 'beltranramosgamaliel@gmail.com' into Campo para ingresar el correo electronico, Antonio enters '3113604278' into Campo para ingresar el telefono, Antonio clicks on Seleccionar genero masculino, Antonio select Colombia on Seleccionar pais, Antonio select 2000 on Seleccioanar aÃ±o de nacimiento, Antonio select August on Seleccionar mes de nacimiento, Antonio select 15 on Seleccionar dia de nacimiento, Antonio enters 'B3tr4*823' into Campo para ingresar contrasenia, Antonio enters 'B3tr4*823' into Campo para confirmar contrasenia, Antonio clicks on Boton para registrarse]]
[Test worker] WARN net.thucydides.core.steps.BaseStepListener - stepFinished: current outcome:Registrar usuario:Given que Antonio desea registrarse en el aplicativo de sitio demostracion automatizacion [Antonio abrir aplicativo [Antonio opens the Demostracion automatizacion]], When diligencia la informacion solicitada despues valida la informacion
| nombre | apellido | direccion | correo | telefono | genero | pais | fNacimiento | contrasenia | confirContrasenia |
| Gamaliel Antonio | Beltran ramos | CRA 3A BIS #47B-06 SUR ESTE | beltranramosgamaliel@gmail.com | 3113604278 | Male | Colombia | 2000-August-15 | B3tr4*823 | B3tr4*823 | [Antonio registrarse [Antonio enters 'Gamaliel Antonio' into Campo para ingresar nombre, Antonio enters 'Beltran ramos' into Campo para ingresar el apellido, Antonio enters 'CRA 3A BIS #47B-06 SUR ESTE' into Campo para ingresar la direccion, Antonio enters 'beltranramosgamaliel@gmail.com' into Campo para ingresar el correo electronico, Antonio enters '3113604278' into Campo para ingresar el telefono, Antonio clicks on Seleccionar genero masculino, Antonio select Colombia on Seleccionar pais, Antonio select 2000 on Seleccioanar aÃ±o de nacimiento, Antonio select August on Seleccionar mes de nacimiento, Antonio select 15 on Seleccionar dia de nacimiento, Antonio enters 'B3tr4*823' into Campo para ingresar contrasenia, Antonio enters 'B3tr4*823' into Campo para confirmar contrasenia, Antonio clicks on Boton para registrarse]]
[Test worker] WARN net.thucydides.core.steps.BaseStepListener - stepFinished: current outcome:Registrar usuario:Given que Antonio desea registrarse en el aplicativo de sitio demostracion automatizacion [Antonio abrir aplicativo [Antonio opens the Demostracion automatizacion]], When diligencia la informacion solicitada despues valida la informacion
| nombre | apellido | direccion | correo | telefono | genero | pais | fNacimiento | contrasenia | confirContrasenia |
| Gamaliel Antonio | Beltran ramos | CRA 3A BIS #47B-06 SUR ESTE | beltranramosgamaliel@gmail.com | 3113604278 | Male | Colombia | 2000-August-15 | B3tr4*823 | B3tr4*823 | [Antonio registrarse [Antonio enters 'Gamaliel Antonio' into Campo para ingresar nombre, Antonio enters 'Beltran ramos' into Campo para ingresar el apellido, Antonio enters 'CRA 3A BIS #47B-06 SUR ESTE' into Campo para ingresar la direccion, Antonio enters 'beltranramosgamaliel@gmail.com' into Campo para ingresar el correo electronico, Antonio enters '3113604278' into Campo para ingresar el telefono, Antonio clicks on Seleccionar genero masculino, Antonio select Colombia on Seleccionar pais, Antonio select 2000 on Seleccioanar aÃ±o de nacimiento, Antonio select August on Seleccionar mes de nacimiento, Antonio select 15 on Seleccionar dia de nacimiento, Antonio enters 'B3tr4*823' into Campo para ingresar contrasenia, Antonio enters 'B3tr4*823' into Campo para confirmar contrasenia, Antonio clicks on Boton para registrarse]]
[Test worker] WARN net.thucydides.core.steps.BaseStepListener - stepStarted: net.thucydides.core.steps.ExecutedStepDescription@1f247ef8
[Test worker] WARN net.thucydides.core.steps.BaseStepListener - stepStarted: net.thucydides.core.steps.ExecutedStepDescription@3307d9e7
[Test worker] WARN net.thucydides.core.steps.BaseStepListener - stepFinished: current outcome:Registrar usuario:Given que Antonio desea registrarse en el aplicativo de sitio demostracion automatizacion [Antonio abrir aplicativo [Antonio opens the Demostracion automatizacion]], When diligencia la informacion solicitada despues valida la informacion
| nombre | apellido | direccion | correo | telefono | genero | pais | fNacimiento | contrasenia | confirContrasenia |
| Gamaliel Antonio | Beltran ramos | CRA 3A BIS #47B-06 SUR ESTE | beltranramosgamaliel@gmail.com | 3113604278 | Male | Colombia | 2000-August-15 | B3tr4*823 | B3tr4*823 | [Antonio registrarse [Antonio enters 'Gamaliel Antonio' into Campo para ingresar nombre, Antonio enters 'Beltran ramos' into Campo para ingresar el apellido, Antonio enters 'CRA 3A BIS #47B-06 SUR ESTE' into Campo para ingresar la direccion, Antonio enters 'beltranramosgamaliel@gmail.com' into Campo para ingresar el correo electronico, Antonio enters '3113604278' into Campo para ingresar el telefono, Antonio clicks on Seleccionar genero masculino, Antonio select Colombia on Seleccionar pais, Antonio select 2000 on Seleccioanar aÃ±o de nacimiento, Antonio select August on Seleccionar mes de nacimiento, Antonio select 15 on Seleccionar dia de nacimiento, Antonio enters 'B3tr4*823' into Campo para ingresar contrasenia, Antonio enters 'B3tr4*823' into Campo para confirmar contrasenia, Antonio clicks on Boton para registrarse]], Then sigue en la misma pantalla
| pantalla |
| Register | [Then respuestas]
[Test worker] WARN net.thucydides.core.steps.BaseStepListener - stepFinished: current outcome:Registrar usuario:Given que Antonio desea registrarse en el aplicativo de sitio demostracion automatizacion [Antonio abrir aplicativo [Antonio opens the Demostracion automatizacion]], When diligencia la informacion solicitada despues valida la informacion
| nombre | apellido | direccion | correo | telefono | genero | pais | fNacimiento | contrasenia | confirContrasenia |
| Gamaliel Antonio | Beltran ramos | CRA 3A BIS #47B-06 SUR ESTE | beltranramosgamaliel@gmail.com | 3113604278 | Male | Colombia | 2000-August-15 | B3tr4*823 | B3tr4*823 | [Antonio registrarse [Antonio enters 'Gamaliel Antonio' into Campo para ingresar nombre, Antonio enters 'Beltran ramos' into Campo para ingresar el apellido, Antonio enters 'CRA 3A BIS #47B-06 SUR ESTE' into Campo para ingresar la direccion, Antonio enters 'beltranramosgamaliel@gmail.com' into Campo para ingresar el correo electronico, Antonio enters '3113604278' into Campo para ingresar el telefono, Antonio clicks on Seleccionar genero masculino, Antonio select Colombia on Seleccionar pais, Antonio select 2000 on Seleccioanar aÃ±o de nacimiento, Antonio select August on Seleccionar mes de nacimiento, Antonio select 15 on Seleccionar dia de nacimiento, Antonio enters 'B3tr4*823' into Campo para ingresar contrasenia, Antonio enters 'B3tr4*823' into Campo para confirmar contrasenia, Antonio clicks on Boton para registrarse]], Then sigue en la misma pantalla
| pantalla |
| Register | [Then respuestas]
[Test worker] WARN net.thucydides.core.steps.BaseStepListener - testFinished: Registrar usuario:Given que Antonio desea registrarse en el aplicativo de sitio demostracion automatizacion [Antonio abrir aplicativo [Antonio opens the Demostracion automatizacion]], When diligencia la informacion solicitada despues valida la informacion
| nombre | apellido | direccion | correo | telefono | genero | pais | fNacimiento | contrasenia | confirContrasenia |
| Gamaliel Antonio | Beltran ramos | CRA 3A BIS #47B-06 SUR ESTE | beltranramosgamaliel@gmail.com | 3113604278 | Male | Colombia | 2000-August-15 | B3tr4*823 | B3tr4*823 | [Antonio registrarse [Antonio enters 'Gamaliel Antonio' into Campo para ingresar nombre, Antonio enters 'Beltran ramos' into Campo para ingresar el apellido, Antonio enters 'CRA 3A BIS #47B-06 SUR ESTE' into Campo para ingresar la direccion, Antonio enters 'beltranramosgamaliel@gmail.com' into Campo para ingresar el correo electronico, Antonio enters '3113604278' into Campo para ingresar el telefono, Antonio clicks on Seleccionar genero masculino, Antonio select Colombia on Seleccionar pais, Antonio select 2000 on Seleccioanar aÃ±o de nacimiento, Antonio select August on Seleccionar mes de nacimiento, Antonio select 15 on Seleccionar dia de nacimiento, Antonio enters 'B3tr4*823' into Campo para ingresar contrasenia, Antonio enters 'B3tr4*823' into Campo para confirmar contrasenia, Antonio clicks on Boton para registrarse]], Then sigue en la misma pantalla
| pantalla |
| Register | [Then respuestas]
[Test worker] WARN net.thucydides.core.steps.BaseStepListener - TestOutcomes: [Registrar usuario:Given que Antonio desea registrarse en el aplicativo de sitio demostracion automatizacion [Antonio abrir aplicativo [Antonio opens the Demostracion automatizacion]], When diligencia la informacion solicitada despues valida la informacion
| nombre | apellido | direccion | correo | telefono | genero | pais | fNacimiento | contrasenia | confirContrasenia |
| Gamaliel Antonio | Beltran ramos | CRA 3A BIS #47B-06 SUR ESTE | beltranramosgamaliel@gmail.com | 3113604278 | Male | Colombia | 2000-August-15 | B3tr4*823 | B3tr4*823 | [Antonio registrarse [Antonio enters 'Gamaliel Antonio' into Campo para ingresar nombre, Antonio enters 'Beltran ramos' into Campo para ingresar el apellido, Antonio enters 'CRA 3A BIS #47B-06 SUR ESTE' into Campo para ingresar la direccion, Antonio enters 'beltranramosgamaliel@gmail.com' into Campo para ingresar el correo electronico, Antonio enters '3113604278' into Campo para ingresar el telefono, Antonio clicks on Seleccionar genero masculino, Antonio select Colombia on Seleccionar pais, Antonio select 2000 on Seleccioanar aÃ±o de nacimiento, Antonio select August on Seleccionar mes de nacimiento, Antonio select 15 on Seleccionar dia de nacimiento, Antonio enters 'B3tr4*823' into Campo para ingresar contrasenia, Antonio enters 'B3tr4*823' into Campo para confirmar contrasenia, Antonio clicks on Boton para registrarse]], Then sigue en la misma pantalla
| pantalla |
| Register | [Then respuestas]]
[Test worker] WARN net.thucydides.core.steps.BaseStepListener - Final testOutcomes: [Registrar usuario:Given que Antonio desea registrarse en el aplicativo de sitio demostracion automatizacion [Antonio abrir aplicativo [Antonio opens the Demostracion automatizacion]], When diligencia la informacion solicitada despues valida la informacion
| nombre | apellido | direccion | correo | telefono | genero | pais | fNacimiento | contrasenia | confirContrasenia |
| Gamaliel Antonio | Beltran ramos | CRA 3A BIS #47B-06 SUR ESTE | beltranramosgamaliel@gmail.com | 3113604278 | Male | Colombia | 2000-August-15 | B3tr4*823 | B3tr4*823 | [Antonio registrarse [Antonio enters 'Gamaliel Antonio' into Campo para ingresar nombre, Antonio enters 'Beltran ramos' into Campo para ingresar el apellido, Antonio enters 'CRA 3A BIS #47B-06 SUR ESTE' into Campo para ingresar la direccion, Antonio enters 'beltranramosgamaliel@gmail.com' into Campo para ingresar el correo electronico, Antonio enters '3113604278' into Campo para ingresar el telefono, Antonio clicks on Seleccionar genero masculino, Antonio select Colombia on Seleccionar pais, Antonio select 2000 on Seleccioanar aÃ±o de nacimiento, Antonio select August on Seleccionar mes de nacimiento, Antonio select 15 on Seleccionar dia de nacimiento, Antonio enters 'B3tr4*823' into Campo para ingresar contrasenia, Antonio enters 'B3tr4*823' into Campo para confirmar contrasenia, Antonio clicks on Boton para registrarse]], Then sigue en la misma pantalla
| pantalla |
| Register | [Then respuestas]]
[Test worker] INFO net.thucydides.core.steps.ConsoleLoggingListener - 
        __    _____ _____ ____ _____   ____   _    ____  ____  _____ ____  
  _     \ \  |_   _| ____/ ___|_   _| |  _ \ / \  / ___|/ ___|| ____|  _ \ 
 (_)_____| |   | | |  _| \___ \ | |   | |_) / _ \ \___ \\___ \|  _| | | | |
  _|_____| |   | | | |___ ___) || |   |  __/ ___ \ ___) |___) | |___| |_| |
 (_)     | |   |_| |_____|____/ |_|   |_| /_/   \_\____/|____/|_____|____/ 
        /_/                                                                

TEST PASSED: Registrar usuario
----------------------------------------------------------------------------
]]></system-err>
</testsuite>
